INFO [12-14|20:11:16.201] Maximum peer count                       ETH=50 LES=0 total=50
INFO [12-14|20:11:16.202] Smartcard socket not found, disabling    err="stat /run/pcscd/pcscd.comm: no such file or directory"
DEBUG[12-14|20:11:16.203] FS scan times                            list="25.862µs" set=334ns diff=627ns
DEBUG[12-14|20:11:16.203] FS scan times                            list="14.876µs" set=196ns diff=276ns
DEBUG[12-14|20:11:16.204] Sanitizing Go's GC trigger               percent=100
INFO [12-14|20:11:16.204] Set global gas cap                       cap=50,000,000
INFO [12-14|20:11:16.206] Allocated trie memory caches             clean=154.00MiB dirty=256.00MiB
INFO [12-14|20:11:16.206] Allocated cache and file handles         database=/home/fanhl/ethdata/node4/geth/chaindata cache=512.00MiB handles=2048
DEBUG[12-14|20:11:16.230] Chain freezer table opened               database=/home/fanhl/ethdata/node4/geth/chaindata/ancient/chain table=headers items=0 size=0.00B
DEBUG[12-14|20:11:16.231] Chain freezer table opened               database=/home/fanhl/ethdata/node4/geth/chaindata/ancient/chain table=hashes  items=0 size=0.00B
DEBUG[12-14|20:11:16.232] Chain freezer table opened               database=/home/fanhl/ethdata/node4/geth/chaindata/ancient/chain table=bodies  items=0 size=0.00B
DEBUG[12-14|20:11:16.233] Chain freezer table opened               database=/home/fanhl/ethdata/node4/geth/chaindata/ancient/chain table=receipts items=0 size=0.00B
DEBUG[12-14|20:11:16.234] Chain freezer table opened               database=/home/fanhl/ethdata/node4/geth/chaindata/ancient/chain table=diffs    items=0 size=0.00B
INFO [12-14|20:11:16.234] Opened ancient database                  database=/home/fanhl/ethdata/node4/geth/chaindata/ancient/chain readonly=false
DEBUG[12-14|20:11:16.234] Current full block not old enough        number=0 hash=cc97a1..9c57c9 delay=90000
INFO [12-14|20:11:16.234]  
INFO [12-14|20:11:16.234] --------------------------------------------------------------------------------------------------------------------------------------------------------- 
INFO [12-14|20:11:16.234] Chain ID:  1001 (unknown) 
INFO [12-14|20:11:16.235] Consensus: unknown 
INFO [12-14|20:11:16.235]  
INFO [12-14|20:11:16.235] Pre-Merge hard forks: 
INFO [12-14|20:11:16.235]  - Homestead:                   0        (https://github.com/ethereum/execution-specs/blob/master/network-upgrades/mainnet-upgrades/homestead.md) 
INFO [12-14|20:11:16.235]  - Tangerine Whistle (EIP 150): 0        (https://github.com/ethereum/execution-specs/blob/master/network-upgrades/mainnet-upgrades/tangerine-whistle.md) 
INFO [12-14|20:11:16.235]  - Spurious Dragon/1 (EIP 155): 0        (https://github.com/ethereum/execution-specs/blob/master/network-upgrades/mainnet-upgrades/spurious-dragon.md) 
INFO [12-14|20:11:16.235]  - Spurious Dragon/2 (EIP 158): 0        (https://github.com/ethereum/execution-specs/blob/master/network-upgrades/mainnet-upgrades/spurious-dragon.md) 
INFO [12-14|20:11:16.235]  - Byzantium:                   <nil> (https://github.com/ethereum/execution-specs/blob/master/network-upgrades/mainnet-upgrades/byzantium.md) 
INFO [12-14|20:11:16.235]  - Constantinople:              <nil> (https://github.com/ethereum/execution-specs/blob/master/network-upgrades/mainnet-upgrades/constantinople.md) 
INFO [12-14|20:11:16.235]  - Petersburg:                  <nil> (https://github.com/ethereum/execution-specs/blob/master/network-upgrades/mainnet-upgrades/petersburg.md) 
INFO [12-14|20:11:16.235]  - Istanbul:                    <nil> (https://github.com/ethereum/execution-specs/blob/master/network-upgrades/mainnet-upgrades/istanbul.md) 
INFO [12-14|20:11:16.235]  - Berlin:                      <nil> (https://github.com/ethereum/execution-specs/blob/master/network-upgrades/mainnet-upgrades/berlin.md) 
INFO [12-14|20:11:16.235]  - London:                      <nil> (https://github.com/ethereum/execution-specs/blob/master/network-upgrades/mainnet-upgrades/london.md) 
INFO [12-14|20:11:16.235]  
INFO [12-14|20:11:16.235] The Merge is not yet available for this network! 
INFO [12-14|20:11:16.235]  - Hard-fork specification: https://github.com/ethereum/execution-specs/blob/master/network-upgrades/mainnet-upgrades/paris.md 
INFO [12-14|20:11:16.235] --------------------------------------------------------------------------------------------------------------------------------------------------------- 
INFO [12-14|20:11:16.235]  
INFO [12-14|20:11:16.235] Disk storage enabled for ethash caches   dir=/home/fanhl/ethdata/node4/geth/ethash count=3
INFO [12-14|20:11:16.235] Disk storage enabled for ethash DAGs     dir=/home/fanhl/.ethash                   count=2
INFO [12-14|20:11:16.235] Initialising Ethereum protocol           network=1001 dbversion=8
INFO [12-14|20:11:16.236] Loaded most recent local header          number=0 hash=cc97a1..9c57c9 td=17,895,697 age=56y9mo6d
INFO [12-14|20:11:16.236] Loaded most recent local full block      number=0 hash=cc97a1..9c57c9 td=17,895,697 age=56y9mo6d
INFO [12-14|20:11:16.236] Loaded most recent local fast block      number=0 hash=cc97a1..9c57c9 td=17,895,697 age=56y9mo6d
DEBUG[12-14|20:11:16.237] Reinjecting stale transactions           count=0
INFO [12-14|20:11:16.237] Loaded local transaction journal         transactions=0 dropped=0
INFO [12-14|20:11:16.237] Regenerated local transaction journal    transactions=0 accounts=0
INFO [12-14|20:11:16.238] Gasprice oracle is ignoring threshold set threshold=2
WARN [12-14|20:11:16.238] Engine API enabled                       protocol=eth
WARN [12-14|20:11:16.238] Engine API started but chain not configured for merge yet 
INFO [12-14|20:11:16.238] Starting peer-to-peer node               instance=Geth/node4/v1.10.25-stable-69568c55/linux-amd64/go1.18.5
DEBUG[12-14|20:11:16.258] TCP listener up                          addr=[::]:30306
DEBUG[12-14|20:11:16.259] IPCs registered                          namespaces=admin,debug,web3,eth,txpool,personal,ethash,miner,net,engine
INFO [12-14|20:11:16.259] New local node record                    seq=1,765,437,813,455 id=5a153cbdee056a0b ip=127.0.0.1 udp=0 tcp=30306
INFO [12-14|20:11:16.259] Started P2P networking                   self="enode://a360182b893a90f3f769d2116d239c0a354a020c7c6bb9463cd76822a82c060942d3c92330ef7aaf59e416dc292011f5863a6c511623ec63567ece626e83e392@127.0.0.1:30306?discport=0"
INFO [12-14|20:11:16.260] IPC endpoint opened                      url=/home/fanhl/ethdata/node4/geth.ipc
INFO [12-14|20:11:16.260] Loaded JWT secret file                   path=/home/fanhl/ethdata/node4/geth/jwtsecret crc32=0xb84f7c1e
DEBUG[12-14|20:11:16.260] Allowed origin(s) for WS RPC interface [localhost] 
INFO [12-14|20:11:16.260] HTTP server started                      endpoint=127.0.0.1:8548 auth=false prefix= cors=https://remix.ethereum.org vhosts=localhost
INFO [12-14|20:11:16.261] WebSocket enabled                        url=ws://127.0.0.1:8554
INFO [12-14|20:11:16.261] HTTP server started                      endpoint=127.0.0.1:8554 auth=true  prefix= cors=localhost                  vhosts=localhost
DEBUG[12-14|20:11:16.289] Served rpc_modules                       reqid=1 duration="43.399µs"
DEBUG[12-14|20:11:16.291] Served web3_clientVersion                reqid=2 duration="22.173µs"
WARN [12-14|20:11:16.292] Served eth_coinbase                      reqid=3 duration="19.669µs" err="etherbase must be explicitly specified"
DEBUG[12-14|20:11:16.292] Served eth_blockNumber                   reqid=4 duration="17.1µs"
DEBUG[12-14|20:11:16.292] Served eth_blockNumber                   reqid=5 duration="14.016µs"
DEBUG[12-14|20:11:16.292] Served eth_getBlockByNumber              reqid=6 duration="213.58µs"
DEBUG[12-14|20:11:16.293] Served admin_datadir                     reqid=7 duration="19.143µs"
DEBUG[12-14|20:11:16.293] Served rpc_modules                       reqid=8 duration="12.929µs"
DEBUG[12-14|20:11:18.360] Couldn't add port mapping                proto=tcp extport=30306 intport=30306 interface="UPnP or NAT-PMP" err="no UPnP or NAT-PMP router discovered"
DEBUG[12-14|20:11:36.217] Served admin_addPeer                     reqid=9 duration="115.018µs"
INFO [12-14|20:11:36.217] Looking for peers                        peercount=0 tried=0 static=1
DEBUG[12-14|20:11:36.219] Adding p2p peer                          peercount=1 id=d8ee3e5e1f5fb2e8 conn=staticdial addr=127.0.0.1:30303 name=Geth/node1/v1.10.25-...
DEBUG[12-14|20:11:36.220] Ethereum peer connected                  id=d8ee3e5e1f5fb2e8 conn=staticdial name=Geth/node1/v1.10.25-...
DEBUG[12-14|20:11:56.101] Served admin_addPeer                     reqid=10 duration="125.279µs"
INFO [12-14|20:11:56.101] Looking for peers                        peercount=1 tried=1 static=2
DEBUG[12-14|20:11:56.103] Adding p2p peer                          peercount=2 id=c9a15f10befa9ac0 conn=staticdial addr=127.0.0.1:30304 name=Geth/node2/v1.10.25-...
DEBUG[12-14|20:11:56.104] Ethereum peer connected                  id=c9a15f10befa9ac0 conn=staticdial name=Geth/node2/v1.10.25-...
DEBUG[12-14|20:11:56.104] Relaxed msgrate QoS values               proto=eth rtt=20s confidence=0.500 ttl=1m0s
DEBUG[12-14|20:11:56.104] Relaxed msgrate QoS values               proto=snap rtt=20s confidence=0.500 ttl=1m0s
DEBUG[12-14|20:12:08.654] Served admin_addPeer                     reqid=11 duration="118µs"
INFO [12-14|20:12:08.655] Looking for peers                        peercount=2 tried=1 static=3
DEBUG[12-14|20:12:08.656] Adding p2p peer                          peercount=3 id=6eee9f733061b2ec conn=staticdial addr=127.0.0.1:30305 name=Geth/node3/v1.10.25-...
DEBUG[12-14|20:12:08.656] Ethereum peer connected                  id=6eee9f733061b2ec conn=staticdial name=Geth/node3/v1.10.25-...
DEBUG[12-14|20:12:08.656] Relaxed msgrate QoS values               proto=eth  rtt=20s confidence=0.333 ttl=1m0s
DEBUG[12-14|20:12:08.656] Relaxed msgrate QoS values               proto=snap rtt=20s confidence=0.333 ttl=1m0s
DEBUG[12-14|20:12:16.235] Current full block not old enough        number=0 hash=cc97a1..9c57c9 delay=90000
DEBUG[12-14|20:12:38.080] Served net_peerCount                     reqid=12 duration="76.49µs"
DEBUG[12-14|20:13:16.236] Current full block not old enough        number=0 hash=cc97a1..9c57c9 delay=90000
DEBUG[12-14|20:14:12.141] Served admin_peers                       reqid=13 duration="292.549µs"
DEBUG[12-14|20:14:16.236] Current full block not old enough        number=0 hash=cc97a1..9c57c9 delay=90000
DEBUG[12-14|20:15:16.237] Current full block not old enough        number=0 hash=cc97a1..9c57c9 delay=90000
DEBUG[12-14|20:15:18.929] Served admin_nodeInfo                    reqid=14 duration="272.635µs"
DEBUG[12-14|20:16:16.237] Current full block not old enough        number=0 hash=cc97a1..9c57c9 delay=90000
DEBUG[12-14|20:17:16.238] Current full block not old enough        number=0 hash=cc97a1..9c57c9 delay=90000
DEBUG[12-14|20:18:16.238] Current full block not old enough        number=0 hash=cc97a1..9c57c9 delay=90000
DEBUG[12-14|20:19:16.239] Current full block not old enough        number=0 hash=cc97a1..9c57c9 delay=90000
DEBUG[12-14|20:20:16.240] Current full block not old enough        number=0 hash=cc97a1..9c57c9 delay=90000
DEBUG[12-14|20:21:16.241] Current full block not old enough        number=0 hash=cc97a1..9c57c9 delay=90000
DEBUG[12-14|20:21:16.258] Couldn't add port mapping                proto=tcp  extport=30306 intport=30306 interface="UPnP or NAT-PMP" err="no UPnP or NAT-PMP router discovered"
DEBUG[12-14|20:22:16.242] Current full block not old enough        number=0 hash=cc97a1..9c57c9 delay=90000
DEBUG[12-14|20:23:16.243] Current full block not old enough        number=0 hash=cc97a1..9c57c9 delay=90000
DEBUG[12-14|20:24:16.243] Current full block not old enough        number=0 hash=cc97a1..9c57c9 delay=90000
DEBUG[12-14|20:25:16.244] Current full block not old enough        number=0 hash=cc97a1..9c57c9 delay=90000
DEBUG[12-14|20:26:16.244] Current full block not old enough        number=0 hash=cc97a1..9c57c9 delay=90000
DEBUG[12-14|20:27:16.245] Current full block not old enough        number=0 hash=cc97a1..9c57c9 delay=90000
DEBUG[12-14|20:28:16.246] Current full block not old enough        number=0 hash=cc97a1..9c57c9 delay=90000
DEBUG[12-14|20:29:16.249] Current full block not old enough        number=0 hash=cc97a1..9c57c9 delay=90000
DEBUG[12-14|20:30:16.250] Current full block not old enough        number=0 hash=cc97a1..9c57c9 delay=90000
DEBUG[12-14|20:31:16.252] Current full block not old enough        number=0 hash=cc97a1..9c57c9 delay=90000
DEBUG[12-14|20:31:16.259] Couldn't add port mapping                proto=tcp  extport=30306 intport=30306 interface="UPnP or NAT-PMP" err="no UPnP or NAT-PMP router discovered"
DEBUG[12-14|20:32:16.253] Current full block not old enough        number=0 hash=cc97a1..9c57c9 delay=90000
DEBUG[12-14|20:33:16.254] Current full block not old enough        number=0 hash=cc97a1..9c57c9 delay=90000
DEBUG[12-14|20:34:16.255] Current full block not old enough        number=0 hash=cc97a1..9c57c9 delay=90000
DEBUG[12-14|20:35:16.256] Current full block not old enough        number=0 hash=cc97a1..9c57c9 delay=90000
DEBUG[12-14|20:36:16.257] Current full block not old enough        number=0 hash=cc97a1..9c57c9 delay=90000
DEBUG[12-14|20:37:16.257] Current full block not old enough        number=0 hash=cc97a1..9c57c9 delay=90000
DEBUG[12-14|20:38:16.258] Current full block not old enough        number=0 hash=cc97a1..9c57c9 delay=90000
DEBUG[12-14|20:39:16.271] Current full block not old enough        number=0 hash=cc97a1..9c57c9 delay=90000
DEBUG[12-14|20:40:16.272] Current full block not old enough        number=0 hash=cc97a1..9c57c9 delay=90000
DEBUG[12-14|20:41:16.260] Couldn't add port mapping                proto=tcp  extport=30306 intport=30306 interface="UPnP or NAT-PMP" err="no UPnP or NAT-PMP router discovered"
DEBUG[12-14|20:41:16.274] Current full block not old enough        number=0 hash=cc97a1..9c57c9 delay=90000
DEBUG[12-14|20:42:16.274] Current full block not old enough        number=0 hash=cc97a1..9c57c9 delay=90000
DEBUG[12-14|20:43:16.275] Current full block not old enough        number=0 hash=cc97a1..9c57c9 delay=90000
DEBUG[12-14|20:44:16.276] Current full block not old enough        number=0 hash=cc97a1..9c57c9 delay=90000
DEBUG[12-14|20:45:16.277] Current full block not old enough        number=0 hash=cc97a1..9c57c9 delay=90000
DEBUG[12-14|20:46:16.278] Current full block not old enough        number=0 hash=cc97a1..9c57c9 delay=90000
DEBUG[12-14|20:47:16.279] Current full block not old enough        number=0 hash=cc97a1..9c57c9 delay=90000
DEBUG[12-14|20:48:16.279] Current full block not old enough        number=0 hash=cc97a1..9c57c9 delay=90000
DEBUG[12-14|20:49:16.280] Current full block not old enough        number=0 hash=cc97a1..9c57c9 delay=90000
DEBUG[12-14|20:50:16.281] Current full block not old enough        number=0 hash=cc97a1..9c57c9 delay=90000
DEBUG[12-14|20:51:16.260] Couldn't add port mapping                proto=tcp  extport=30306 intport=30306 interface="UPnP or NAT-PMP" err="no UPnP or NAT-PMP router discovered"
DEBUG[12-14|20:51:16.282] Current full block not old enough        number=0 hash=cc97a1..9c57c9 delay=90000
DEBUG[12-14|20:52:16.283] Current full block not old enough        number=0 hash=cc97a1..9c57c9 delay=90000
DEBUG[12-14|20:53:16.284] Current full block not old enough        number=0 hash=cc97a1..9c57c9 delay=90000
DEBUG[12-14|20:54:16.285] Current full block not old enough        number=0 hash=cc97a1..9c57c9 delay=90000
DEBUG[12-14|20:55:16.286] Current full block not old enough        number=0 hash=cc97a1..9c57c9 delay=90000
DEBUG[12-14|20:56:16.287] Current full block not old enough        number=0 hash=cc97a1..9c57c9 delay=90000
DEBUG[12-14|20:57:16.288] Current full block not old enough        number=0 hash=cc97a1..9c57c9 delay=90000
DEBUG[12-14|20:58:16.289] Current full block not old enough        number=0 hash=cc97a1..9c57c9 delay=90000
DEBUG[12-14|20:59:16.289] Current full block not old enough        number=0 hash=cc97a1..9c57c9 delay=90000
DEBUG[12-14|21:00:16.290] Current full block not old enough        number=0 hash=cc97a1..9c57c9 delay=90000
DEBUG[12-14|21:01:16.261] Couldn't add port mapping                proto=tcp  extport=30306 intport=30306 interface="UPnP or NAT-PMP" err="no UPnP or NAT-PMP router discovered"
DEBUG[12-14|21:01:16.291] Current full block not old enough        number=0 hash=cc97a1..9c57c9 delay=90000
DEBUG[12-14|21:02:16.292] Current full block not old enough        number=0 hash=cc97a1..9c57c9 delay=90000
DEBUG[12-14|21:03:16.293] Current full block not old enough        number=0 hash=cc97a1..9c57c9 delay=90000
DEBUG[12-14|21:04:16.294] Current full block not old enough        number=0 hash=cc97a1..9c57c9 delay=90000
DEBUG[12-14|21:05:16.295] Current full block not old enough        number=0 hash=cc97a1..9c57c9 delay=90000
DEBUG[12-14|21:06:16.296] Current full block not old enough        number=0 hash=cc97a1..9c57c9 delay=90000
DEBUG[12-14|21:07:16.297] Current full block not old enough        number=0 hash=cc97a1..9c57c9 delay=90000
DEBUG[12-14|21:08:16.297] Current full block not old enough        number=0 hash=cc97a1..9c57c9 delay=90000
DEBUG[12-14|21:09:16.298] Current full block not old enough        number=0 hash=cc97a1..9c57c9 delay=90000
DEBUG[12-14|21:10:16.298] Current full block not old enough        number=0 hash=cc97a1..9c57c9 delay=90000
INFO [12-14|21:11:16.238] Writing clean trie cache to disk         path=/home/fanhl/ethdata/node4/geth/triecache threads=1
INFO [12-14|21:11:16.243] Regenerated local transaction journal    transactions=0 accounts=0
INFO [12-14|21:11:16.258] Persisted the clean trie cache           path=/home/fanhl/ethdata/node4/geth/triecache elapsed=18.568ms
DEBUG[12-14|21:11:16.262] Couldn't add port mapping                proto=tcp  extport=30306 intport=30306 interface="UPnP or NAT-PMP" err="no UPnP or NAT-PMP router discovered"
DEBUG[12-14|21:11:16.299] Current full block not old enough        number=0 hash=cc97a1..9c57c9 delay=90000
DEBUG[12-14|21:12:16.300] Current full block not old enough        number=0 hash=cc97a1..9c57c9 delay=90000
DEBUG[12-14|21:13:16.300] Current full block not old enough        number=0 hash=cc97a1..9c57c9 delay=90000
DEBUG[12-14|21:14:05.388] Fetching single header                   id=d8ee3e5e1f5fb2e8 conn=staticdial hash=c09cd1..b6506f
DEBUG[12-14|21:14:05.533] Queued delivered header or block         peer=d8ee3e5e1f5fb2e8b0cdfb406f1fdabeff80410ca54741eb2ffa873243caf77e number=1 hash=c09cd1..b6506f queued=1
DEBUG[12-14|21:14:05.535] Importing propagated block               peer=d8ee3e5e1f5fb2e8b0cdfb406f1fdabeff80410ca54741eb2ffa873243caf77e number=1 hash=c09cd1..b6506f
DEBUG[12-14|21:14:05.580] Failed to load old ethash cache          epoch=0 err="open /home/fanhl/ethdata/node4/geth/ethash/cache-R23-0000000000000000: no such file or directory"
INFO [12-14|21:14:08.605] Generating ethash verification cache     epoch=0 percentage=87 elapsed=3.016s
INFO [12-14|21:14:09.111] Generated ethash verification cache      epoch=0 elapsed=3.523s
DEBUG[12-14|21:14:09.129] Failed to load old ethash cache          epoch=1 err="open /home/fanhl/ethdata/node4/geth/ethash/cache-R23-290decd9548b62a8: no such file or directory"
WARN [12-14|21:14:09.141] Snap syncing, discarded propagated block number=1 hash=c09cd1..b6506f
INFO [12-14|21:14:12.366] Generated ethash verification cache      epoch=1 elapsed=3.222s
INFO [12-14|21:14:12.262] Generating ethash verification cache     epoch=1 percentage=98 elapsed=3.126s
DEBUG[12-14|21:14:16.312] Current full block not old enough        number=0 hash=cc97a1..9c57c9 delay=90000
DEBUG[12-14|21:14:33.058] Fetching single header                   id=d8ee3e5e1f5fb2e8 conn=staticdial hash=fa3a9f..07831d
DEBUG[12-14|21:14:33.070] Queued delivered header or block         peer=d8ee3e5e1f5fb2e8b0cdfb406f1fdabeff80410ca54741eb2ffa873243caf77e number=2 hash=fa3a9f..07831d queued=1
DEBUG[12-14|21:15:16.313] Current full block not old enough        number=0 hash=cc97a1..9c57c9 delay=90000
DEBUG[12-14|21:16:16.314] Current full block not old enough        number=0 hash=cc97a1..9c57c9 delay=90000
DEBUG[12-14|21:16:52.816] Fetching single header                   id=d8ee3e5e1f5fb2e8 conn=staticdial hash=ca3312..453ef3
DEBUG[12-14|21:16:52.821] Queued delivered header or block         peer=d8ee3e5e1f5fb2e8b0cdfb406f1fdabeff80410ca54741eb2ffa873243caf77e number=3 hash=ca3312..453ef3 queued=2
INFO [12-14|21:16:52.833] Block synchronisation started 
DEBUG[12-14|21:16:52.834] Synchronising with the network           peer=6eee9f733061b2ecdb21c4e865255dc08fad451a2f1094241872f713062b3c31 eth=67 head=fa3a9f..07831d td=51,940,337 mode=snap
DEBUG[12-14|21:16:52.834] Retrieving remote chain head             peer=6eee9f73
DEBUG[12-14|21:16:52.834] Fetching batch of headers                id=6eee9f733061b2ec conn=staticdial count=2 fromhash=fa3a9f..07831d skip=63 reverse=true
DEBUG[12-14|21:16:52.835] Recalculated msgrate QoS values          proto=eth  rtt=20s confidence=0.667 ttl=1m0s next=2025-12-14T21:17:12+0800
DEBUG[12-14|21:16:52.836] Remote head identified, no pivot         peer=6eee9f73 number=2 hash=fa3a9f..07831d
DEBUG[12-14|21:16:52.836] Looking for common ancestor              peer=6eee9f73 local=0 remote=2
DEBUG[12-14|21:16:52.837] Fetching batch of headers                id=6eee9f733061b2ec conn=staticdial count=2 fromnum=0 skip=1  reverse=false
DEBUG[12-14|21:16:52.838] Found common ancestor                    peer=6eee9f73 number=0 hash=cc97a1..9c57c9
DEBUG[12-14|21:16:52.838] Created account sync task                from=000000..000000 last=0fffff..ffffff
DEBUG[12-14|21:16:52.838] Created account sync task                from=100000..000000 last=1fffff..ffffff
DEBUG[12-14|21:16:52.838] Created account sync task                from=200000..000000 last=2fffff..ffffff
DEBUG[12-14|21:16:52.838] Created account sync task                from=300000..000000 last=3fffff..ffffff
DEBUG[12-14|21:16:52.838] Created account sync task                from=400000..000000 last=4fffff..ffffff
DEBUG[12-14|21:16:52.838] Created account sync task                from=500000..000000 last=5fffff..ffffff
DEBUG[12-14|21:16:52.838] Created account sync task                from=600000..000000 last=6fffff..ffffff
DEBUG[12-14|21:16:52.838] Created account sync task                from=700000..000000 last=7fffff..ffffff
DEBUG[12-14|21:16:52.838] Created account sync task                from=800000..000000 last=8fffff..ffffff
DEBUG[12-14|21:16:52.838] Created account sync task                from=900000..000000 last=9fffff..ffffff
DEBUG[12-14|21:16:52.838] Created account sync task                from=a00000..000000 last=afffff..ffffff
DEBUG[12-14|21:16:52.839] Created account sync task                from=b00000..000000 last=bfffff..ffffff
DEBUG[12-14|21:16:52.839] Created account sync task                from=c00000..000000 last=cfffff..ffffff
DEBUG[12-14|21:16:52.839] Created account sync task                from=d00000..000000 last=dfffff..ffffff
DEBUG[12-14|21:16:52.839] Created account sync task                from=e00000..000000 last=efffff..ffffff
DEBUG[12-14|21:16:52.839] Created account sync task                from=f00000..000000 last=ffffff..ffffff
DEBUG[12-14|21:16:52.839] Starting snapshot sync cycle             root=56e81f..63b421
DEBUG[12-14|21:16:52.839] Recalculated msgrate QoS values          proto=snap rtt=20s confidence=0.667 ttl=1m0s next=2025-12-14T21:17:12+0800
DEBUG[12-14|21:16:52.840] Directing header downloads               peer=6eee9f73 origin=1
DEBUG[12-14|21:16:52.840] Fetching batch of headers                id=6eee9f733061b2ec conn=staticdial count=128 fromnum=192 skip=191 reverse=false
DEBUG[12-14|21:16:52.840] Downloading block bodies                 origin=1
DEBUG[12-14|21:16:52.841] Downloading receipts                     origin=1
DEBUG[12-14|21:16:52.843] No skeleton, fetching headers directly   peer=6eee9f73
DEBUG[12-14|21:16:52.843] Fetching batch of headers                id=6eee9f733061b2ec conn=staticdial count=192 fromnum=1   skip=0   reverse=false
DEBUG[12-14|21:16:52.844] Peer rejected account range request      peer=6eee9f73 reqid=6,263,450,610,539,110,790 root=56e81f..63b421
DEBUG[12-14|21:16:52.844] Reverting account request                peer=6eee9f733061b2ecdb21c4e865255dc08fad451a2f1094241872f713062b3c31 reqid=6,263,450,610,539,110,790
DEBUG[12-14|21:16:52.844] Peer rejected account range request      peer=c9a15f10 reqid=2,703,387,474,910,584,091 root=56e81f..63b421
DEBUG[12-14|21:16:52.844] Reverting account request                peer=c9a15f10befa9ac01d25cb0bc9983567a64da0bac3633934ba4da2fe8b3bbeac reqid=2,703,387,474,910,584,091
DEBUG[12-14|21:16:52.844] Fetching batch of headers                id=6eee9f733061b2ec conn=staticdial count=192 fromnum=3   skip=0   reverse=false
DEBUG[12-14|21:16:52.846] No more headers available                peer=6eee9f73
DEBUG[12-14|21:16:52.846] Header download terminated               peer=6eee9f73
DEBUG[12-14|21:16:52.851] Peer rejected account range request      peer=d8ee3e5e reqid=2,610,529,275,472,644,968 root=56e81f..63b421
DEBUG[12-14|21:16:52.851] Reverting account request                peer=d8ee3e5e1f5fb2e8b0cdfb406f1fdabeff80410ca54741eb2ffa873243caf77e reqid=2,610,529,275,472,644,968
INFO [12-14|21:16:52.963] Imported new block headers               count=2   elapsed=118.240ms number=2 hash=fa3a9f..07831d age=2m48s
DEBUG[12-14|21:16:52.963] Block body download terminated           err=nil
DEBUG[12-14|21:16:52.963] Receipt download terminated              err=nil
INFO [12-14|21:16:52.963] Downloader queue stats                   receiptTasks=0 blockTasks=0 itemSize=110.20B throttle=8192
DEBUG[12-14|21:16:52.963] Inserting downloaded chain               items=2 firstnum=1 firsthash=c09cd1..b6506f lastnum=2 lasthash=fa3a9f..07831d
DEBUG[12-14|21:16:52.986] Inserted new block                       number=1 hash=c09cd1..b6506f uncles=0 txs=0 gas=0 elapsed=4.350ms   root=d0e15b..1c95f1
INFO [12-14|21:16:52.989] Imported new chain segment               blocks=2 txs=0 mgas=0.000 elapsed=25.151ms  mgasps=0.000 number=2 hash=fa3a9f..07831d age=2m48s    dirty=486.00B
DEBUG[12-14|21:16:52.989] Inserted new block                       number=2 hash=fa3a9f..07831d uncles=0 txs=0 gas=0 elapsed=1.064ms   root=e1e26e..87ddd9
DEBUG[12-14|21:16:52.989] Terminating snapshot sync cycle          root=56e81f..63b421
DEBUG[12-14|21:16:52.993] Reinjecting stale transactions           count=0
DEBUG[12-14|21:16:52.993] Synchronisation terminated               elapsed=158.513ms
WARN [12-14|21:16:52.993] Synchronisation failed, retrying         err="sync cancelled"
DEBUG[12-14|21:17:16.315] Current full block not old enough        number=2 hash=fa3a9f..07831d delay=90000
DEBUG[12-14|21:18:13.280] Importing propagated block               peer=d8ee3e5e1f5fb2e8b0cdfb406f1fdabeff80410ca54741eb2ffa873243caf77e number=3 hash=ca3312..453ef3
WARN [12-14|21:18:13.288] Snap syncing, discarded propagated block number=3 hash=ca3312..453ef3
DEBUG[12-14|21:18:13.781] Fetching single header                   id=d8ee3e5e1f5fb2e8 conn=staticdial hash=dd1d54..e9b691
DEBUG[12-14|21:18:13.785] Queued delivered header or block         peer=d8ee3e5e1f5fb2e8b0cdfb406f1fdabeff80410ca54741eb2ffa873243caf77e number=4 hash=dd1d54..e9b691 queued=1
DEBUG[12-14|21:18:16.317] Current full block not old enough        number=2 hash=fa3a9f..07831d delay=90000
DEBUG[12-14|21:19:16.320] Current full block not old enough        number=2 hash=fa3a9f..07831d delay=90000
DEBUG[12-14|21:19:30.724] Synchronising with the network           peer=c9a15f10befa9ac01d25cb0bc9983567a64da0bac3633934ba4da2fe8b3bbeac eth=67 head=dd1d54..e9b691 td=85,843,794 mode=snap
DEBUG[12-14|21:19:30.724] Retrieving remote chain head             peer=c9a15f10
DEBUG[12-14|21:19:30.724] Fetching batch of headers                id=c9a15f10befa9ac0 conn=staticdial count=2   fromhash=dd1d54..e9b691 skip=63  reverse=true
DEBUG[12-14|21:19:30.724] Recalculated msgrate QoS values          proto=eth  rtt=20s confidence=0.833 ttl=1m0s next=2025-12-14T21:19:50+0800
DEBUG[12-14|21:19:30.724] Queued delivered header or block         peer=c9a15f10befa9ac01d25cb0bc9983567a64da0bac3633934ba4da2fe8b3bbeac number=5 hash=dbef2f..5b35e8 queued=2
DEBUG[12-14|21:19:30.726] Remote head identified, no pivot         peer=c9a15f10 number=4 hash=dd1d54..e9b691
DEBUG[12-14|21:19:30.726] Looking for common ancestor              peer=c9a15f10 local=2 remote=4
DEBUG[12-14|21:19:30.726] Fetching batch of headers                id=c9a15f10befa9ac0 conn=staticdial count=2   fromnum=1   skip=1   reverse=false
DEBUG[12-14|21:19:30.726] Found common ancestor                    peer=c9a15f10 number=1 hash=c09cd1..b6506f
DEBUG[12-14|21:19:30.727] Scheduled account sync task              from=000000..000000 last=0fffff..ffffff
DEBUG[12-14|21:19:30.727] Scheduled account sync task              from=100000..000000 last=1fffff..ffffff
DEBUG[12-14|21:19:30.727] Scheduled account sync task              from=200000..000000 last=2fffff..ffffff
DEBUG[12-14|21:19:30.727] Scheduled account sync task              from=300000..000000 last=3fffff..ffffff
DEBUG[12-14|21:19:30.727] Scheduled account sync task              from=400000..000000 last=4fffff..ffffff
DEBUG[12-14|21:19:30.727] Scheduled account sync task              from=500000..000000 last=5fffff..ffffff
DEBUG[12-14|21:19:30.727] Scheduled account sync task              from=600000..000000 last=6fffff..ffffff
DEBUG[12-14|21:19:30.727] Scheduled account sync task              from=700000..000000 last=7fffff..ffffff
DEBUG[12-14|21:19:30.727] Scheduled account sync task              from=800000..000000 last=8fffff..ffffff
DEBUG[12-14|21:19:30.727] Scheduled account sync task              from=900000..000000 last=9fffff..ffffff
DEBUG[12-14|21:19:30.727] Scheduled account sync task              from=a00000..000000 last=afffff..ffffff
DEBUG[12-14|21:19:30.727] Scheduled account sync task              from=b00000..000000 last=bfffff..ffffff
DEBUG[12-14|21:19:30.727] Scheduled account sync task              from=c00000..000000 last=cfffff..ffffff
DEBUG[12-14|21:19:30.727] Scheduled account sync task              from=d00000..000000 last=dfffff..ffffff
DEBUG[12-14|21:19:30.727] Scheduled account sync task              from=e00000..000000 last=efffff..ffffff
DEBUG[12-14|21:19:30.727] Scheduled account sync task              from=f00000..000000 last=ffffff..ffffff
DEBUG[12-14|21:19:30.727] Starting snapshot sync cycle             root=e1e26e..87ddd9
DEBUG[12-14|21:19:30.727] Recalculated msgrate QoS values          proto=snap rtt=20s confidence=0.833 ttl=1m0s next=2025-12-14T21:19:50+0800
DEBUG[12-14|21:19:30.727] Directing header downloads               peer=c9a15f10 origin=1
DEBUG[12-14|21:19:30.727] Fetching batch of headers                id=c9a15f10befa9ac0 conn=staticdial count=128 fromnum=192 skip=191 reverse=false
DEBUG[12-14|21:19:30.727] Downloading block bodies                 origin=1
DEBUG[12-14|21:19:30.727] Downloading receipts                     origin=1
DEBUG[12-14|21:19:30.728] No skeleton, fetching headers directly   peer=c9a15f10
DEBUG[12-14|21:19:30.729] Fetching batch of headers                id=c9a15f10befa9ac0 conn=staticdial count=192 fromnum=1   skip=0   reverse=false
DEBUG[12-14|21:19:30.729] Persisted range of accounts              accounts=1 bytes=194.00B
INFO [12-14|21:19:30.729] State sync in progress                   synced=0.48% state=194.00B accounts=1@194.00B slots=0@0.00B codes=0@0.00B eta=9h5m29.126s
DEBUG[12-14|21:19:30.730] Peer rejected account range request      peer=6eee9f73 reqid=6,941,261,091,797,652,072 root=e1e26e..87ddd9
DEBUG[12-14|21:19:30.730] Reverting account request                peer=6eee9f733061b2ecdb21c4e865255dc08fad451a2f1094241872f713062b3c31 reqid=6,941,261,091,797,652,072
DEBUG[12-14|21:19:30.732] Persisted range of accounts              accounts=0         bytes=0.00B
DEBUG[12-14|21:19:30.732] Fetching batch of headers                id=c9a15f10befa9ac0 conn=staticdial count=192 fromnum=5   skip=0   reverse=false
DEBUG[12-14|21:19:30.746] Persisted range of accounts              accounts=0         bytes=0.00B
DEBUG[12-14|21:19:30.749] Persisted range of accounts              accounts=0         bytes=0.00B
DEBUG[12-14|21:19:30.749] Fetching batch of headers                id=c9a15f10befa9ac0 conn=staticdial count=192 fromnum=6   skip=0   reverse=false
DEBUG[12-14|21:19:30.749] Persisted range of accounts              accounts=0         bytes=0.00B
DEBUG[12-14|21:19:30.750] Persisted range of accounts              accounts=0         bytes=0.00B
DEBUG[12-14|21:19:30.750] No headers, waiting for pivot commit     peer=c9a15f10
DEBUG[12-14|21:19:30.751] Persisted range of accounts              accounts=0         bytes=0.00B
DEBUG[12-14|21:19:30.751] Persisted range of accounts              accounts=0         bytes=0.00B
DEBUG[12-14|21:19:30.752] Persisted range of accounts              accounts=0         bytes=0.00B
INFO [12-14|21:19:30.752] Imported new block headers               count=2   elapsed=20.030ms  number=4 hash=dd1d54..e9b691 age=2m38s    ignored=2
INFO [12-14|21:19:30.753] Downloader queue stats                   receiptTasks=0 blockTasks=0 itemSize=271.76B throttle=8192
DEBUG[12-14|21:19:30.753] Inserting snap-sync blocks               items=1 firstnum=1 firsthash=c09cd1..b6506f lastnumn=1 lasthash=c09cd1..b6506f
INFO [12-14|21:19:30.753] Imported new block receipts              count=0   elapsed="31.164µs" number=1 hash=c09cd1..b6506f age=6m1s     size=0.00B ignored=1
DEBUG[12-14|21:19:30.753] Persisted range of accounts              accounts=0         bytes=0.00B
DEBUG[12-14|21:19:30.753] Terminating snapshot sync cycle          root=e1e26e..87ddd9
INFO [12-14|21:19:30.753] State sync in progress                   synced=62.58% state=194.00B accounts=1@194.00B slots=0@0.00B codes=0@0.00B eta=1m34.423s
WARN [12-14|21:19:30.753] Unexpected account range packet          peer=c9a15f10 reqid=5,018,949,295,715,050,020
DEBUG[12-14|21:19:30.754] Scheduled account sync task              from=600000..000000 last=6fffff..ffffff
DEBUG[12-14|21:19:30.754] Scheduled account sync task              from=b00000..000000 last=bfffff..ffffff
DEBUG[12-14|21:19:30.754] Scheduled account sync task              from=c00000..000000 last=cfffff..ffffff
DEBUG[12-14|21:19:30.754] Scheduled account sync task              from=d00000..000000 last=dfffff..ffffff
DEBUG[12-14|21:19:30.754] Scheduled account sync task              from=e00000..000000 last=efffff..ffffff
DEBUG[12-14|21:19:30.754] Scheduled account sync task              from=f00000..000000 last=ffffff..ffffff
DEBUG[12-14|21:19:30.754] Starting snapshot sync cycle             root=e1e26e..87ddd9
DEBUG[12-14|21:19:30.755] Peer rejected account range request      peer=6eee9f73 reqid=3,902,890,183,311,134,652 root=e1e26e..87ddd9
DEBUG[12-14|21:19:30.755] Reverting account request                peer=6eee9f733061b2ecdb21c4e865255dc08fad451a2f1094241872f713062b3c31 reqid=3,902,890,183,311,134,652
WARN [12-14|21:19:30.755] Unexpected account range packet          peer=d8ee3e5e reqid=545,291,762,129,038,907
DEBUG[12-14|21:19:30.756] Persisted range of accounts              accounts=0         bytes=0.00B
INFO [12-14|21:19:30.761] Imported new block headers               count=1   elapsed=8.255ms    number=5 hash=dbef2f..5b35e8
DEBUG[12-14|21:19:30.761] Persisted range of accounts              accounts=0         bytes=0.00B
DEBUG[12-14|21:19:30.762] Persisted range of accounts              accounts=0         bytes=0.00B
DEBUG[12-14|21:19:30.763] Persisted range of accounts              accounts=0         bytes=0.00B
DEBUG[12-14|21:19:30.764] Persisted range of accounts              accounts=0         bytes=0.00B
DEBUG[12-14|21:19:30.766] Persisted range of accounts              accounts=0         bytes=0.00B
INFO [12-14|21:19:30.766] State sync in progress                   synced=100.00% state=194.00B accounts=1@194.00B slots=0@0.00B codes=0@0.00B eta=-100ns
DEBUG[12-14|21:19:30.766] Terminating snapshot sync cycle          root=e1e26e..87ddd9
INFO [12-14|21:19:30.766] State heal in progress                   accounts=0@0.00B   slots=0@0.00B codes=0@0.00B nodes=0@0.00B pending=0
DEBUG[12-14|21:19:30.767] Committing snap sync pivot as new head   number=2 hash=fa3a9f..07831d
INFO [12-14|21:19:30.767] Imported new block receipts              count=0   elapsed="91.637µs" number=2 hash=fa3a9f..07831d age=5m26s    size=0.00B ignored=1
INFO [12-14|21:19:30.767] Rebuilding state snapshot 
DEBUG[12-14|21:19:30.767] Journalled generator progress            progress=empty
DEBUG[12-14|21:19:30.769] Start snapshot generation                root=e1e26e..87ddd9
INFO [12-14|21:19:30.769] Committed new head block                 number=2 hash=fa3a9f..07831d
DEBUG[12-14|21:19:30.769] Inserting downloaded chain               items=2 firstnum=3 firsthash=ca3312..453ef3 lastnum=4 lasthash=dd1d54..e9b691
INFO [12-14|21:19:30.769] Resuming state snapshot generation       root=e1e26e..87ddd9 accounts=0         slots=0       storage=0.00B dangling=0 elapsed=1.961ms
DEBUG[12-14|21:19:30.770] Journalled generator progress            progress=done
INFO [12-14|21:19:30.770] Generated state snapshot                 accounts=1         slots=0       storage=47.00B dangling=0 elapsed=2.637ms
DEBUG[12-14|21:19:30.788] Inserted new block                       number=3 hash=ca3312..453ef3 uncles=0 txs=0 gas=0 elapsed=4.269ms    root=0955b6..68b988
INFO [12-14|21:19:30.790] Imported new chain segment               blocks=2 txs=0 mgas=0.000 elapsed=20.885ms   mgasps=0.000 number=4 hash=dd1d54..e9b691 age=2m38s    dirty=973.00B
DEBUG[12-14|21:19:30.790] Inserted new block                       number=4 hash=dd1d54..e9b691 uncles=0 txs=0 gas=0 elapsed=1.184ms    root=1ac180..8a658a
DEBUG[12-14|21:19:30.790] Reinjecting stale transactions           count=0
DEBUG[12-14|21:19:30.790] Inserting downloaded chain               items=1 firstnum=5 firsthash=dbef2f..5b35e8 lastnum=5 lasthash=dbef2f..5b35e8
INFO [12-14|21:19:30.800] Imported new chain segment               blocks=1 txs=0 mgas=0.000 elapsed=8.055ms    mgasps=0.000 number=5 hash=dbef2f..5b35e8 dirty=1.63KiB
DEBUG[12-14|21:19:30.800] Inserted new block                       number=5 hash=dbef2f..5b35e8 uncles=0 txs=0 gas=0 elapsed=1.478ms    root=ee125b..ed339c
DEBUG[12-14|21:19:30.801] Reinjecting stale transactions           count=0
DEBUG[12-14|21:19:33.751] Fetching batch of headers                id=c9a15f10befa9ac0 conn=staticdial count=192 fromnum=6   skip=0   reverse=false
DEBUG[12-14|21:19:33.752] No more headers available                peer=c9a15f10
DEBUG[12-14|21:19:33.752] Header download terminated               peer=c9a15f10
DEBUG[12-14|21:19:33.752] Block body download terminated           err=nil
DEBUG[12-14|21:19:33.752] Receipt download terminated              err=nil
DEBUG[12-14|21:19:33.752] Synchronisation terminated               elapsed=3.028s
INFO [12-14|21:19:33.752] Snap sync complete, auto disabling 
DEBUG[12-14|21:20:16.321] Current full block not old enough        number=5 hash=dbef2f..5b35e8 delay=90000
DEBUG[12-14|21:20:30.750] Account range request timed out          peer=d8ee3e5e reqid=545,291,762,129,038,907
DEBUG[12-14|21:20:30.753] Account range request timed out          peer=c9a15f10 reqid=5,018,949,295,715,050,020
DEBUG[12-14|21:21:16.263] Couldn't add port mapping                proto=tcp  extport=30306 intport=30306 interface="UPnP or NAT-PMP" err="no UPnP or NAT-PMP router discovered"
DEBUG[12-14|21:21:16.323] Current full block not old enough        number=5 hash=dbef2f..5b35e8 delay=90000
DEBUG[12-14|21:22:16.323] Current full block not old enough        number=5 hash=dbef2f..5b35e8 delay=90000
DEBUG[12-14|21:23:16.324] Current full block not old enough        number=5 hash=dbef2f..5b35e8 delay=90000
DEBUG[12-14|21:23:45.681] Fetching single header                   id=c9a15f10befa9ac0 conn=staticdial hash=28e56a..433a51
DEBUG[12-14|21:23:45.683] Queued delivered header or block         peer=c9a15f10befa9ac01d25cb0bc9983567a64da0bac3633934ba4da2fe8b3bbeac number=6 hash=28e56a..433a51 queued=1
DEBUG[12-14|21:23:45.683] Importing propagated block               peer=c9a15f10befa9ac01d25cb0bc9983567a64da0bac3633934ba4da2fe8b3bbeac number=6 hash=28e56a..433a51
INFO [12-14|21:23:45.699] Imported new chain segment               blocks=1 txs=0 mgas=0.000 elapsed=9.400ms    mgasps=0.000 number=6 hash=28e56a..433a51 dirty=2.07KiB
DEBUG[12-14|21:23:45.700] Inserted new block                       number=6 hash=28e56a..433a51 uncles=0 txs=0 gas=0 elapsed=4.325ms    root=cb8612..8daa1e
DEBUG[12-14|21:23:45.700] Reinjecting stale transactions           count=0
DEBUG[12-14|21:24:10.041] Queued delivered header or block         peer=6eee9f733061b2ecdb21c4e865255dc08fad451a2f1094241872f713062b3c31 number=7 hash=7d0270..51dd6a queued=1
DEBUG[12-14|21:24:10.041] Importing propagated block               peer=6eee9f733061b2ecdb21c4e865255dc08fad451a2f1094241872f713062b3c31 number=7 hash=7d0270..51dd6a
INFO [12-14|21:24:10.054] Imported new chain segment               blocks=1 txs=0 mgas=0.000 elapsed=5.090ms    mgasps=0.000 number=7 hash=7d0270..51dd6a dirty=2.51KiB
DEBUG[12-14|21:24:10.054] Inserted new block                       number=7 hash=7d0270..51dd6a uncles=0 txs=0 gas=0 elapsed=1.389ms    root=2ae5e9..329350
DEBUG[12-14|21:24:10.054] Reinjecting stale transactions           count=0
DEBUG[12-14|21:24:16.325] Current full block not old enough        number=7 hash=7d0270..51dd6a delay=90000
DEBUG[12-14|21:25:16.326] Current full block not old enough        number=7 hash=7d0270..51dd6a delay=90000
DEBUG[12-14|21:26:16.327] Current full block not old enough        number=7 hash=7d0270..51dd6a delay=90000
DEBUG[12-14|21:26:38.333] Queued delivered header or block         peer=6eee9f733061b2ecdb21c4e865255dc08fad451a2f1094241872f713062b3c31 number=8 hash=71fc23..e78f84 queued=1
DEBUG[12-14|21:26:38.333] Importing propagated block               peer=6eee9f733061b2ecdb21c4e865255dc08fad451a2f1094241872f713062b3c31 number=8 hash=71fc23..e78f84
INFO [12-14|21:26:38.367] Imported new chain segment               blocks=1 txs=0 mgas=0.000 elapsed=15.988ms   mgasps=0.000 number=8 hash=71fc23..e78f84 age=2m28s    dirty=2.96KiB
DEBUG[12-14|21:26:38.367] Inserted new block                       number=8 hash=71fc23..e78f84 uncles=0 txs=0 gas=0 elapsed="786.841µs" root=53be9d..8a1830
DEBUG[12-14|21:26:38.369] Reinjecting stale transactions           count=0
DEBUG[12-14|21:27:01.764] Queued delivered header or block         peer=6eee9f733061b2ecdb21c4e865255dc08fad451a2f1094241872f713062b3c31 number=9 hash=25599b..e5f0e3 queued=1
DEBUG[12-14|21:27:01.764] Importing propagated block               peer=6eee9f733061b2ecdb21c4e865255dc08fad451a2f1094241872f713062b3c31 number=9 hash=25599b..e5f0e3
INFO [12-14|21:27:01.780] Imported new chain segment               blocks=1 txs=0 mgas=0.000 elapsed=8.297ms     mgasps=0.000 number=9 hash=25599b..e5f0e3 dirty=3.40KiB
DEBUG[12-14|21:27:01.780] Inserted new block                       number=9 hash=25599b..e5f0e3 uncles=0 txs=0 gas=0 elapsed=1.509ms     root=dbe199..8becca
DEBUG[12-14|21:27:01.781] Reinjecting stale transactions           count=0
DEBUG[12-14|21:27:16.328] Current full block not old enough        number=9 hash=25599b..e5f0e3 delay=90000
DEBUG[12-14|21:28:02.290] Fetching single header                   id=d8ee3e5e1f5fb2e8 conn=staticdial hash=68a755..dd8db5
DEBUG[12-14|21:28:02.293] Queued delivered header or block         peer=d8ee3e5e1f5fb2e8b0cdfb406f1fdabeff80410ca54741eb2ffa873243caf77e number=10 hash=68a755..dd8db5 queued=1
DEBUG[12-14|21:28:02.294] Importing propagated block               peer=d8ee3e5e1f5fb2e8b0cdfb406f1fdabeff80410ca54741eb2ffa873243caf77e number=10 hash=68a755..dd8db5
INFO [12-14|21:28:02.313] Imported new chain segment               blocks=1 txs=0 mgas=0.000 elapsed=11.816ms    mgasps=0.000 number=10 hash=68a755..dd8db5 age=1m1s     dirty=3.84KiB
DEBUG[12-14|21:28:02.314] Inserted new block                       number=10 hash=68a755..dd8db5 uncles=0 txs=0 gas=0 elapsed=3.116ms     root=1349d4..d4b02c
DEBUG[12-14|21:28:02.314] Reinjecting stale transactions           count=0
DEBUG[12-14|21:28:03.612] Queued delivered header or block         peer=d8ee3e5e1f5fb2e8b0cdfb406f1fdabeff80410ca54741eb2ffa873243caf77e number=11 hash=b3fe6b..404ca7 queued=1
DEBUG[12-14|21:28:03.612] Importing propagated block               peer=d8ee3e5e1f5fb2e8b0cdfb406f1fdabeff80410ca54741eb2ffa873243caf77e number=11 hash=b3fe6b..404ca7
INFO [12-14|21:28:03.632] Imported new chain segment               blocks=1 txs=0 mgas=0.000 elapsed=13.566ms    mgasps=0.000 number=11 hash=b3fe6b..404ca7 dirty=4.29KiB
DEBUG[12-14|21:28:03.632] Inserted new block                       number=11 hash=b3fe6b..404ca7 uncles=0 txs=0 gas=0 elapsed=1.371ms     root=70e19f..3d0fe1
DEBUG[12-14|21:28:03.632] Reinjecting stale transactions           count=0
DEBUG[12-14|21:28:16.330] Current full block not old enough        number=11 hash=b3fe6b..404ca7 delay=90000
DEBUG[12-14|21:29:16.330] Current full block not old enough        number=11 hash=b3fe6b..404ca7 delay=90000
DEBUG[12-14|21:29:38.079] Queued delivered header or block         peer=6eee9f733061b2ecdb21c4e865255dc08fad451a2f1094241872f713062b3c31 number=12 hash=cda469..491f5b queued=1
DEBUG[12-14|21:29:38.079] Importing propagated block               peer=6eee9f733061b2ecdb21c4e865255dc08fad451a2f1094241872f713062b3c31 number=12 hash=cda469..491f5b
INFO [12-14|21:29:38.097] Imported new chain segment               blocks=1 txs=0 mgas=0.000 elapsed=12.135ms    mgasps=0.000 number=12 hash=cda469..491f5b age=1m35s    dirty=4.73KiB
DEBUG[12-14|21:29:38.098] Inserted new block                       number=12 hash=cda469..491f5b uncles=0 txs=0 gas=0 elapsed=1.050ms     root=d9e4f1..eae8ae
DEBUG[12-14|21:29:38.098] Reinjecting stale transactions           count=0
DEBUG[12-14|21:30:03.773] Queued delivered header or block         peer=c9a15f10befa9ac01d25cb0bc9983567a64da0bac3633934ba4da2fe8b3bbeac number=13 hash=bbcf26..1865b2 queued=1
DEBUG[12-14|21:30:03.773] Importing propagated block               peer=c9a15f10befa9ac01d25cb0bc9983567a64da0bac3633934ba4da2fe8b3bbeac number=13 hash=bbcf26..1865b2
INFO [12-14|21:30:03.792] Imported new chain segment               blocks=1 txs=0 mgas=0.000 elapsed=12.951ms    mgasps=0.000 number=13 hash=bbcf26..1865b2 dirty=5.17KiB
DEBUG[12-14|21:30:03.793] Inserted new block                       number=13 hash=bbcf26..1865b2 uncles=0 txs=0 gas=0 elapsed="822.056µs" root=82425e..9c44c9
DEBUG[12-14|21:30:03.793] Reinjecting stale transactions           count=0
DEBUG[12-14|21:30:16.331] Current full block not old enough        number=13 hash=bbcf26..1865b2 delay=90000
DEBUG[12-14|21:31:15.661] Queued delivered header or block         peer=6eee9f733061b2ecdb21c4e865255dc08fad451a2f1094241872f713062b3c31 number=14 hash=e78652..5309ae queued=1
DEBUG[12-14|21:31:15.661] Importing propagated block               peer=6eee9f733061b2ecdb21c4e865255dc08fad451a2f1094241872f713062b3c31 number=14 hash=e78652..5309ae
INFO [12-14|21:31:15.678] Imported new chain segment               blocks=1 txs=0 mgas=0.000 elapsed=8.099ms     mgasps=0.000 number=14 hash=e78652..5309ae dirty=5.62KiB
DEBUG[12-14|21:31:15.679] Inserted new block                       number=14 hash=e78652..5309ae uncles=0 txs=0 gas=0 elapsed=1.842ms     root=bd1c19..28a474
DEBUG[12-14|21:31:15.680] Reinjecting stale transactions           count=0
DEBUG[12-14|21:31:16.270] Couldn't add port mapping                proto=tcp  extport=30306 intport=30306 interface="UPnP or NAT-PMP" err="no UPnP or NAT-PMP router discovered"
DEBUG[12-14|21:31:16.333] Current full block not old enough        number=14 hash=e78652..5309ae delay=90000
DEBUG[12-14|21:31:19.787] Queued delivered header or block         peer=6eee9f733061b2ecdb21c4e865255dc08fad451a2f1094241872f713062b3c31 number=15 hash=c9f5db..f300ea queued=1
DEBUG[12-14|21:31:19.787] Importing propagated block               peer=6eee9f733061b2ecdb21c4e865255dc08fad451a2f1094241872f713062b3c31 number=15 hash=c9f5db..f300ea
INFO [12-14|21:31:19.807] Imported new chain segment               blocks=1 txs=0 mgas=0.000 elapsed=11.863ms    mgasps=0.000 number=15 hash=c9f5db..f300ea dirty=6.06KiB
DEBUG[12-14|21:31:19.807] Inserted new block                       number=15 hash=c9f5db..f300ea uncles=0 txs=0 gas=0 elapsed=1.617ms     root=c93e52..dd3c33
DEBUG[12-14|21:31:19.808] Reinjecting stale transactions           count=0
DEBUG[12-14|21:32:16.334] Current full block not old enough        number=15 hash=c9f5db..f300ea delay=90000
DEBUG[12-14|21:32:17.040] Queued delivered header or block         peer=6eee9f733061b2ecdb21c4e865255dc08fad451a2f1094241872f713062b3c31 number=16 hash=26cd25..cf21c2 queued=1
DEBUG[12-14|21:32:17.040] Importing propagated block               peer=6eee9f733061b2ecdb21c4e865255dc08fad451a2f1094241872f713062b3c31 number=16 hash=26cd25..cf21c2
INFO [12-14|21:32:17.064] Imported new chain segment               blocks=1 txs=0 mgas=0.000 elapsed=10.939ms    mgasps=0.000 number=16 hash=26cd25..cf21c2 dirty=6.50KiB
DEBUG[12-14|21:32:17.064] Inserted new block                       number=16 hash=26cd25..cf21c2 uncles=0 txs=0 gas=0 elapsed=2.074ms     root=b91142..2da5ce
DEBUG[12-14|21:32:17.065] Reinjecting stale transactions           count=0
DEBUG[12-14|21:32:21.597] Queued delivered header or block         peer=6eee9f733061b2ecdb21c4e865255dc08fad451a2f1094241872f713062b3c31 number=17 hash=8a973f..3b8730 queued=1
DEBUG[12-14|21:32:21.597] Importing propagated block               peer=6eee9f733061b2ecdb21c4e865255dc08fad451a2f1094241872f713062b3c31 number=17 hash=8a973f..3b8730
INFO [12-14|21:32:21.614] Imported new chain segment               blocks=1 txs=0 mgas=0.000 elapsed=10.290ms    mgasps=0.000 number=17 hash=8a973f..3b8730 dirty=6.95KiB
DEBUG[12-14|21:32:21.614] Inserted new block                       number=17 hash=8a973f..3b8730 uncles=0 txs=0 gas=0 elapsed=1.936ms     root=d4077e..70e110
DEBUG[12-14|21:32:21.615] Reinjecting stale transactions           count=0
DEBUG[12-14|21:33:16.334] Current full block not old enough        number=17 hash=8a973f..3b8730 delay=90000
DEBUG[12-14|21:34:15.253] Queued delivered header or block         peer=c9a15f10befa9ac01d25cb0bc9983567a64da0bac3633934ba4da2fe8b3bbeac number=18 hash=1d95e5..cfce44 queued=1
DEBUG[12-14|21:34:15.253] Importing propagated block               peer=c9a15f10befa9ac01d25cb0bc9983567a64da0bac3633934ba4da2fe8b3bbeac number=18 hash=1d95e5..cfce44
INFO [12-14|21:34:15.295] Imported new chain segment               blocks=1 txs=0 mgas=0.000 elapsed=34.409ms    mgasps=0.000 number=18 hash=1d95e5..cfce44 age=1m54s    dirty=7.39KiB
DEBUG[12-14|21:34:15.295] Inserted new block                       number=18 hash=1d95e5..cfce44 uncles=0 txs=0 gas=0 elapsed="990.942µs" root=dac2bf..40b37b
DEBUG[12-14|21:34:15.296] Reinjecting stale transactions           count=0
DEBUG[12-14|21:34:16.335] Current full block not old enough        number=18 hash=1d95e5..cfce44 delay=90000
DEBUG[12-14|21:35:14.662] Queued delivered header or block         peer=d8ee3e5e1f5fb2e8b0cdfb406f1fdabeff80410ca54741eb2ffa873243caf77e number=19 hash=45711a..4902ed queued=1
DEBUG[12-14|21:35:14.662] Importing propagated block               peer=d8ee3e5e1f5fb2e8b0cdfb406f1fdabeff80410ca54741eb2ffa873243caf77e number=19 hash=45711a..4902ed
INFO [12-14|21:35:14.676] Imported new chain segment               blocks=1 txs=0 mgas=0.000 elapsed=7.025ms     mgasps=0.000 number=19 hash=45711a..4902ed dirty=7.83KiB
DEBUG[12-14|21:35:14.676] Inserted new block                       number=19 hash=45711a..4902ed uncles=0 txs=0 gas=0 elapsed=1.262ms     root=60c584..4e73bb
DEBUG[12-14|21:35:14.676] Reinjecting stale transactions           count=0
DEBUG[12-14|21:35:16.336] Current full block not old enough        number=19 hash=45711a..4902ed delay=90000
DEBUG[12-14|21:36:16.337] Current full block not old enough        number=19 hash=45711a..4902ed delay=90000
DEBUG[12-14|21:36:27.050] Queued delivered header or block         peer=6eee9f733061b2ecdb21c4e865255dc08fad451a2f1094241872f713062b3c31 number=20 hash=45511e..c29fa3 queued=1
DEBUG[12-14|21:36:27.050] Importing propagated block               peer=6eee9f733061b2ecdb21c4e865255dc08fad451a2f1094241872f713062b3c31 number=20 hash=45511e..c29fa3
INFO [12-14|21:36:27.075] Imported new chain segment               blocks=1 txs=0 mgas=0.000 elapsed=7.740ms     mgasps=0.000 number=20 hash=45511e..c29fa3 age=1m13s    dirty=8.28KiB
DEBUG[12-14|21:36:27.077] Inserted new block                       number=20 hash=45511e..c29fa3 uncles=0 txs=0 gas=0 elapsed=2.683ms     root=6d2de6..60a29b
DEBUG[12-14|21:36:27.077] Reinjecting stale transactions           count=0
DEBUG[12-14|21:36:45.563] Queued delivered header or block         peer=6eee9f733061b2ecdb21c4e865255dc08fad451a2f1094241872f713062b3c31 number=21 hash=68ae6b..4788ba queued=1
DEBUG[12-14|21:36:45.563] Importing propagated block               peer=6eee9f733061b2ecdb21c4e865255dc08fad451a2f1094241872f713062b3c31 number=21 hash=68ae6b..4788ba
INFO [12-14|21:36:45.579] Imported new chain segment               blocks=1 txs=0 mgas=0.000 elapsed=7.534ms     mgasps=0.000 number=21 hash=68ae6b..4788ba dirty=8.72KiB
DEBUG[12-14|21:36:45.579] Inserted new block                       number=21 hash=68ae6b..4788ba uncles=0 txs=0 gas=0 elapsed="874.98µs"  root=050fa2..02e52f
DEBUG[12-14|21:36:45.579] Reinjecting stale transactions           count=0
DEBUG[12-14|21:37:16.337] Current full block not old enough        number=21 hash=68ae6b..4788ba delay=90000
DEBUG[12-14|21:38:16.339] Current full block not old enough        number=21 hash=68ae6b..4788ba delay=90000
DEBUG[12-14|21:38:49.404] Fetching single header                   id=d8ee3e5e1f5fb2e8 conn=staticdial hash=314e2e..2fb13c
DEBUG[12-14|21:38:49.417] Queued delivered header or block         peer=d8ee3e5e1f5fb2e8b0cdfb406f1fdabeff80410ca54741eb2ffa873243caf77e number=22 hash=314e2e..2fb13c queued=1
DEBUG[12-14|21:38:49.417] Importing propagated block               peer=d8ee3e5e1f5fb2e8b0cdfb406f1fdabeff80410ca54741eb2ffa873243caf77e number=22 hash=314e2e..2fb13c
INFO [12-14|21:38:49.436] Imported new chain segment               blocks=1 txs=0 mgas=0.000 elapsed=11.651ms    mgasps=0.000 number=22 hash=314e2e..2fb13c age=2m4s     dirty=9.17KiB
DEBUG[12-14|21:38:49.437] Inserted new block                       number=22 hash=314e2e..2fb13c uncles=0 txs=0 gas=0 elapsed=2.048ms     root=dfa767..4f8afb
DEBUG[12-14|21:38:49.437] Reinjecting stale transactions           count=0
DEBUG[12-14|21:39:16.339] Current full block not old enough        number=22 hash=314e2e..2fb13c delay=90000
DEBUG[12-14|21:39:24.241] Queued delivered header or block         peer=6eee9f733061b2ecdb21c4e865255dc08fad451a2f1094241872f713062b3c31 number=23 hash=aa9111..0db8e0 queued=1
DEBUG[12-14|21:39:24.241] Importing propagated block               peer=6eee9f733061b2ecdb21c4e865255dc08fad451a2f1094241872f713062b3c31 number=23 hash=aa9111..0db8e0
INFO [12-14|21:39:24.258] Imported new chain segment               blocks=1 txs=0 mgas=0.000 elapsed=9.458ms     mgasps=0.000 number=23 hash=aa9111..0db8e0 dirty=9.61KiB
DEBUG[12-14|21:39:24.258] Inserted new block                       number=23 hash=aa9111..0db8e0 uncles=0 txs=0 gas=0 elapsed=2.864ms     root=16e6a3..089dc3
DEBUG[12-14|21:39:24.258] Reinjecting stale transactions           count=0
DEBUG[12-14|21:39:39.235] Queued delivered header or block         peer=6eee9f733061b2ecdb21c4e865255dc08fad451a2f1094241872f713062b3c31 number=24 hash=b4bab3..3d4563 queued=1
DEBUG[12-14|21:39:39.235] Importing propagated block               peer=6eee9f733061b2ecdb21c4e865255dc08fad451a2f1094241872f713062b3c31 number=24 hash=b4bab3..3d4563
INFO [12-14|21:39:39.249] Imported new chain segment               blocks=1 txs=0 mgas=0.000 elapsed=8.086ms     mgasps=0.000 number=24 hash=b4bab3..3d4563 dirty=10.05KiB
DEBUG[12-14|21:39:39.249] Inserted new block                       number=24 hash=b4bab3..3d4563 uncles=0 txs=0 gas=0 elapsed=1.846ms     root=0c355c..f06e62
DEBUG[12-14|21:39:39.250] Reinjecting stale transactions           count=0
DEBUG[12-14|21:40:16.340] Current full block not old enough        number=24 hash=b4bab3..3d4563 delay=90000
DEBUG[12-14|21:41:16.275] Couldn't add port mapping                proto=tcp  extport=30306 intport=30306 interface="UPnP or NAT-PMP" err="no UPnP or NAT-PMP router discovered"
DEBUG[12-14|21:41:16.341] Current full block not old enough        number=24 hash=b4bab3..3d4563 delay=90000
DEBUG[12-14|21:41:17.102] Queued delivered header or block         peer=c9a15f10befa9ac01d25cb0bc9983567a64da0bac3633934ba4da2fe8b3bbeac number=25 hash=d19348..1c6925 queued=1
DEBUG[12-14|21:41:17.102] Importing propagated block               peer=c9a15f10befa9ac01d25cb0bc9983567a64da0bac3633934ba4da2fe8b3bbeac number=25 hash=d19348..1c6925
INFO [12-14|21:41:17.123] Imported new chain segment               blocks=1 txs=0 mgas=0.000 elapsed=13.566ms    mgasps=0.000 number=25 hash=d19348..1c6925 age=1m38s    dirty=10.50KiB
DEBUG[12-14|21:41:17.124] Inserted new block                       number=25 hash=d19348..1c6925 uncles=0 txs=0 gas=0 elapsed=4.498ms     root=1c7bcd..8b802b
DEBUG[12-14|21:41:17.126] Reinjecting stale transactions           count=0
DEBUG[12-14|21:41:51.371] Queued delivered header or block         peer=6eee9f733061b2ecdb21c4e865255dc08fad451a2f1094241872f713062b3c31 number=26 hash=a84438..d8aed2 queued=1
DEBUG[12-14|21:41:51.371] Importing propagated block               peer=6eee9f733061b2ecdb21c4e865255dc08fad451a2f1094241872f713062b3c31 number=26 hash=a84438..d8aed2
INFO [12-14|21:41:51.389] Imported new chain segment               blocks=1 txs=0 mgas=0.000 elapsed=8.507ms     mgasps=0.000 number=26 hash=a84438..d8aed2 dirty=10.94KiB
DEBUG[12-14|21:41:51.390] Inserted new block                       number=26 hash=a84438..d8aed2 uncles=0 txs=0 gas=0 elapsed=1.175ms     root=c59098..78a8d6
DEBUG[12-14|21:41:51.390] Reinjecting stale transactions           count=0
DEBUG[12-14|21:42:16.341] Current full block not old enough        number=26 hash=a84438..d8aed2 delay=90000
DEBUG[12-14|21:43:16.342] Current full block not old enough        number=26 hash=a84438..d8aed2 delay=90000
DEBUG[12-14|21:44:16.343] Current full block not old enough        number=26 hash=a84438..d8aed2 delay=90000
DEBUG[12-14|21:45:03.101] Queued delivered header or block         peer=6eee9f733061b2ecdb21c4e865255dc08fad451a2f1094241872f713062b3c31 number=27 hash=2cbf04..c96082 queued=1
DEBUG[12-14|21:45:03.102] Importing propagated block               peer=6eee9f733061b2ecdb21c4e865255dc08fad451a2f1094241872f713062b3c31 number=27 hash=2cbf04..c96082
INFO [12-14|21:45:03.119] Imported new chain segment               blocks=1 txs=0 mgas=0.000 elapsed=8.365ms     mgasps=0.000 number=27 hash=2cbf04..c96082 age=3m12s    dirty=11.38KiB
DEBUG[12-14|21:45:03.119] Inserted new block                       number=27 hash=2cbf04..c96082 uncles=0 txs=0 gas=0 elapsed=2.526ms     root=030b70..101057
DEBUG[12-14|21:45:03.119] Reinjecting stale transactions           count=0
DEBUG[12-14|21:45:06.248] Queued delivered header or block         peer=d8ee3e5e1f5fb2e8b0cdfb406f1fdabeff80410ca54741eb2ffa873243caf77e number=28 hash=8c29e4..949cb3 queued=1
DEBUG[12-14|21:45:06.248] Importing propagated block               peer=d8ee3e5e1f5fb2e8b0cdfb406f1fdabeff80410ca54741eb2ffa873243caf77e number=28 hash=8c29e4..949cb3
INFO [12-14|21:45:06.273] Imported new chain segment               blocks=1 txs=0 mgas=0.000 elapsed=18.730ms    mgasps=0.000 number=28 hash=8c29e4..949cb3 dirty=11.83KiB
DEBUG[12-14|21:45:06.273] Inserted new block                       number=28 hash=8c29e4..949cb3 uncles=0 txs=0 gas=0 elapsed=2.285ms     root=9234b4..4df200
DEBUG[12-14|21:45:06.273] Reinjecting stale transactions           count=0
DEBUG[12-14|21:45:16.343] Current full block not old enough        number=28 hash=8c29e4..949cb3 delay=90000
DEBUG[12-14|21:46:16.344] Current full block not old enough        number=28 hash=8c29e4..949cb3 delay=90000
DEBUG[12-14|21:47:16.344] Current full block not old enough        number=28 hash=8c29e4..949cb3 delay=90000
DEBUG[12-14|21:48:16.345] Current full block not old enough        number=28 hash=8c29e4..949cb3 delay=90000
DEBUG[12-14|21:49:16.345] Current full block not old enough        number=28 hash=8c29e4..949cb3 delay=90000
DEBUG[12-14|21:49:27.247] Message handling failed in `eth`         id=d8ee3e5e1f5fb2e8 conn=staticdial err=EOF
DEBUG[12-14|21:49:27.248] Removing Ethereum peer                   peer=d8ee3e5e snap=true
DEBUG[12-14|21:49:27.247] Message handling failed in `snap`        peer=d8ee3e5e err=EOF
DEBUG[12-14|21:49:27.249] Removing p2p peer                        peercount=2 id=d8ee3e5e1f5fb2e8 duration=1h37m51.030s req=true err="disconnect requested"
INFO [12-14|21:49:27.252] Looking for peers                        peercount=2 tried=0 static=3
DEBUG[12-14|21:49:27.279] Adding p2p peer                          peercount=3 id=d8ee3e5e1f5fb2e8 conn=staticdial addr=127.0.0.1:30303 name=Geth/node1/v1.10.25-...
DEBUG[12-14|21:49:27.279] Message handling failed in `snap`        peer=d8ee3e5e err=EOF
DEBUG[12-14|21:49:27.279] Ethereum handshake failed                id=d8ee3e5e1f5fb2e8 conn=staticdial err=EOF
DEBUG[12-14|21:49:27.280] Removing p2p peer                        peercount=2 id=d8ee3e5e1f5fb2e8 duration="518.697µs"  req=true err="disconnect requested"
DEBUG[12-14|21:49:28.917] Message handling failed in `eth`         id=c9a15f10befa9ac0 conn=staticdial err=EOF
DEBUG[12-14|21:49:28.918] Removing Ethereum peer                   peer=c9a15f10 snap=true
DEBUG[12-14|21:49:28.917] Message handling failed in `snap`        peer=c9a15f10 err=EOF
DEBUG[12-14|21:49:28.918] Removing p2p peer                        peercount=1 id=c9a15f10befa9ac0 duration=1h37m32.815s req=true err="disconnect requested"
DEBUG[12-14|21:49:28.925] Adding p2p peer                          peercount=2 id=c9a15f10befa9ac0 conn=staticdial addr=127.0.0.1:30304 name=Geth/node2/v1.10.25-...
DEBUG[12-14|21:49:28.926] Ethereum handshake failed                id=c9a15f10befa9ac0 conn=staticdial err=EOF
DEBUG[12-14|21:49:28.926] Message handling failed in `snap`        peer=c9a15f10 err=EOF
DEBUG[12-14|21:49:28.926] Removing p2p peer                        peercount=1 id=c9a15f10befa9ac0 duration="793.349µs"  req=true err="disconnect requested"
DEBUG[12-14|21:49:30.254] Message handling failed in `eth`         id=6eee9f733061b2ec conn=staticdial err=EOF
DEBUG[12-14|21:49:30.254] Removing Ethereum peer                   peer=6eee9f73 snap=true
DEBUG[12-14|21:49:30.254] Message handling failed in `snap`        peer=6eee9f73 err=EOF
DEBUG[12-14|21:49:30.254] Removing p2p peer                        peercount=0 id=6eee9f733061b2ec duration=1h37m21.598s req=true err="disconnect requested"
DEBUG[12-14|21:49:30.262] Adding p2p peer                          peercount=1 id=6eee9f733061b2ec conn=staticdial addr=127.0.0.1:30305 name=Geth/node3/v1.10.25-...
DEBUG[12-14|21:49:30.263] Message handling failed in `snap`        peer=6eee9f73 err=EOF
DEBUG[12-14|21:49:30.263] Ethereum handshake failed                id=6eee9f733061b2ec conn=staticdial err=EOF
DEBUG[12-14|21:49:30.263] Removing p2p peer                        peercount=0 id=6eee9f733061b2ec duration="505.063µs"  req=true err="disconnect requested"
DEBUG[12-14|21:49:31.142] RPC server shutting down 
WARN [12-14|21:49:31.144] HTTP server graceful shutdown timed out 
INFO [12-14|21:49:31.144] HTTP server stopped                      endpoint=127.0.0.1:8548
DEBUG[12-14|21:49:31.144] RPC server shutting down 
DEBUG[12-14|21:49:31.144] RPC server shutting down 
WARN [12-14|21:49:31.145] HTTP server graceful shutdown timed out 
INFO [12-14|21:49:31.145] HTTP server stopped                      endpoint=127.0.0.1:8554
DEBUG[12-14|21:49:31.146] RPC server shutting down 
INFO [12-14|21:49:31.146] IPC endpoint closed                      url=/home/fanhl/ethdata/node4/geth.ipc
DEBUG[12-14|21:49:31.146] RPC server shutting down 
DEBUG[12-14|21:49:31.146] RPC connection read error                err=EOF
INFO [12-14|21:49:31.147] Ethereum protocol stopped 
INFO [12-14|21:49:31.147] Transaction pool stopped 
DEBUG[12-14|21:49:31.148] Journalled generator progress            progress=done
DEBUG[12-14|21:49:31.148] Journalled disk layer                    root=e1e26e..87ddd9
DEBUG[12-14|21:49:31.148] Journalled diff layer                    root=0955b6..68b988 parent=e1e26e..87ddd9
DEBUG[12-14|21:49:31.149] Journalled diff layer                    root=1ac180..8a658a parent=0955b6..68b988
DEBUG[12-14|21:49:31.149] Journalled diff layer                    root=ee125b..ed339c parent=1ac180..8a658a
DEBUG[12-14|21:49:31.149] Journalled diff layer                    root=cb8612..8daa1e parent=ee125b..ed339c
DEBUG[12-14|21:49:31.149] Journalled diff layer                    root=2ae5e9..329350 parent=cb8612..8daa1e
DEBUG[12-14|21:49:31.149] Journalled diff layer                    root=53be9d..8a1830 parent=2ae5e9..329350
DEBUG[12-14|21:49:31.149] Journalled diff layer                    root=dbe199..8becca parent=53be9d..8a1830
DEBUG[12-14|21:49:31.149] Journalled diff layer                    root=1349d4..d4b02c parent=dbe199..8becca
DEBUG[12-14|21:49:31.149] Journalled diff layer                    root=70e19f..3d0fe1 parent=1349d4..d4b02c
DEBUG[12-14|21:49:31.149] Journalled diff layer                    root=d9e4f1..eae8ae parent=70e19f..3d0fe1
DEBUG[12-14|21:49:31.149] Journalled diff layer                    root=82425e..9c44c9 parent=d9e4f1..eae8ae
DEBUG[12-14|21:49:31.149] Journalled diff layer                    root=bd1c19..28a474 parent=82425e..9c44c9
DEBUG[12-14|21:49:31.149] Journalled diff layer                    root=c93e52..dd3c33 parent=bd1c19..28a474
DEBUG[12-14|21:49:31.149] Journalled diff layer                    root=b91142..2da5ce parent=c93e52..dd3c33
DEBUG[12-14|21:49:31.149] Journalled diff layer                    root=d4077e..70e110 parent=b91142..2da5ce
DEBUG[12-14|21:49:31.149] Journalled diff layer                    root=dac2bf..40b37b parent=d4077e..70e110
DEBUG[12-14|21:49:31.149] Journalled diff layer                    root=60c584..4e73bb parent=dac2bf..40b37b
DEBUG[12-14|21:49:31.149] Journalled diff layer                    root=6d2de6..60a29b parent=60c584..4e73bb
DEBUG[12-14|21:49:31.150] Journalled diff layer                    root=050fa2..02e52f parent=6d2de6..60a29b
DEBUG[12-14|21:49:31.150] Journalled diff layer                    root=dfa767..4f8afb parent=050fa2..02e52f
DEBUG[12-14|21:49:31.150] Journalled diff layer                    root=16e6a3..089dc3 parent=dfa767..4f8afb
DEBUG[12-14|21:49:31.150] Journalled diff layer                    root=0c355c..f06e62 parent=16e6a3..089dc3
DEBUG[12-14|21:49:31.150] Journalled diff layer                    root=1c7bcd..8b802b parent=0c355c..f06e62
DEBUG[12-14|21:49:31.150] Journalled diff layer                    root=c59098..78a8d6 parent=1c7bcd..8b802b
DEBUG[12-14|21:49:31.150] Journalled diff layer                    root=030b70..101057 parent=c59098..78a8d6
DEBUG[12-14|21:49:31.150] Journalled diff layer                    root=9234b4..4df200 parent=030b70..101057
INFO [12-14|21:49:31.150] Writing cached state to disk             block=28 hash=8c29e4..949cb3 root=9234b4..4df200
INFO [12-14|21:49:31.151] Persisted trie from memory database      nodes=3       size=409.00B time="596.3µs" gcnodes=0 gcsize=0.00B gctime=0s livenodes=51 livesize=6.46KiB
INFO [12-14|21:49:31.151] Writing cached state to disk             block=27 hash=2cbf04..c96082 root=030b70..101057
INFO [12-14|21:49:31.151] Persisted trie from memory database      nodes=2       size=262.00B time="599.127µs" gcnodes=0 gcsize=0.00B gctime=0s livenodes=49 livesize=6.20KiB
INFO [12-14|21:49:31.151] Writing snapshot state to disk           root=e1e26e..87ddd9
INFO [12-14|21:49:31.152] Persisted trie from memory database      nodes=1       size=147.00B time="456.766µs" gcnodes=0 gcsize=0.00B gctime=0s livenodes=48 livesize=6.06KiB
DEBUG[12-14|21:49:31.152] Dereferenced trie from memory database   nodes=1       size=147.00B time="2.562µs"   gcnodes=1 gcsize=147.00B gctime="2.263µs" livenodes=47 livesize=5.91KiB
DEBUG[12-14|21:49:31.152] Dereferenced trie from memory database   nodes=0       size=0.00B   time=600ns       gcnodes=1 gcsize=147.00B gctime="2.737µs" livenodes=47 livesize=5.91KiB
DEBUG[12-14|21:49:31.152] Dereferenced trie from memory database   nodes=1       size=147.00B time=508ns       gcnodes=2 gcsize=294.00B gctime="3.186µs" livenodes=46 livesize=5.77KiB
DEBUG[12-14|21:49:31.152] Dereferenced trie from memory database   nodes=1       size=148.00B time=741ns       gcnodes=3 gcsize=442.00B gctime="3.782µs" livenodes=45 livesize=5.63KiB
DEBUG[12-14|21:49:31.152] Dereferenced trie from memory database   nodes=2       size=261.00B time="1.276µs"   gcnodes=5 gcsize=703.00B gctime="4.951µs" livenodes=43 livesize=5.37KiB
DEBUG[12-14|21:49:31.152] Dereferenced trie from memory database   nodes=2       size=261.00B time="1.903µs"   gcnodes=7 gcsize=964.00B gctime="6.6µs"   livenodes=41 livesize=5.12KiB
DEBUG[12-14|21:49:31.152] Dereferenced trie from memory database   nodes=2       size=261.00B time="1.394µs"   gcnodes=9 gcsize=1.20KiB gctime="7.938µs" livenodes=39 livesize=4.86KiB
DEBUG[12-14|21:49:31.152] Dereferenced trie from memory database   nodes=2       size=262.00B time="1.652µs"   gcnodes=11 gcsize=1.45KiB gctime="9.46µs"  livenodes=37 livesize=4.61KiB
DEBUG[12-14|21:49:31.152] Dereferenced trie from memory database   nodes=2       size=262.00B time="1.734µs"   gcnodes=13 gcsize=1.71KiB gctime="11.124µs" livenodes=35 livesize=4.35KiB
DEBUG[12-14|21:49:31.152] Dereferenced trie from memory database   nodes=2       size=262.00B time="1.003µs"   gcnodes=15 gcsize=1.96KiB gctime="12.076µs" livenodes=33 livesize=4.09KiB
DEBUG[12-14|21:49:31.152] Dereferenced trie from memory database   nodes=2       size=262.00B time="1.415µs"   gcnodes=17 gcsize=2.22KiB gctime="13.359µs" livenodes=31 livesize=3.84KiB
DEBUG[12-14|21:49:31.152] Dereferenced trie from memory database   nodes=2       size=262.00B time="1.475µs"   gcnodes=19 gcsize=2.48KiB gctime="14.699µs" livenodes=29 livesize=3.58KiB
DEBUG[12-14|21:49:31.152] Dereferenced trie from memory database   nodes=2       size=262.00B time=980ns       gcnodes=21 gcsize=2.73KiB gctime="15.596µs" livenodes=27 livesize=3.33KiB
DEBUG[12-14|21:49:31.152] Dereferenced trie from memory database   nodes=2       size=262.00B time="1.344µs"   gcnodes=23 gcsize=2.99KiB gctime="16.809µs" livenodes=25 livesize=3.07KiB
DEBUG[12-14|21:49:31.152] Dereferenced trie from memory database   nodes=2       size=262.00B time="11.095µs"  gcnodes=25 gcsize=3.24KiB gctime="27.726µs" livenodes=23 livesize=2.81KiB
DEBUG[12-14|21:49:31.152] Dereferenced trie from memory database   nodes=2       size=262.00B time="1.439µs"   gcnodes=27 gcsize=3.50KiB gctime="29.034µs" livenodes=21 livesize=2.56KiB
DEBUG[12-14|21:49:31.152] Dereferenced trie from memory database   nodes=2       size=262.00B time="1.189µs"   gcnodes=29 gcsize=3.75KiB gctime="30.11µs"  livenodes=19 livesize=2.30KiB
DEBUG[12-14|21:49:31.152] Dereferenced trie from memory database   nodes=2       size=262.00B time="1.378µs"   gcnodes=31 gcsize=4.01KiB gctime="31.356µs" livenodes=17 livesize=2.05KiB
DEBUG[12-14|21:49:31.152] Dereferenced trie from memory database   nodes=2       size=262.00B time=943ns       gcnodes=33 gcsize=4.27KiB gctime="32.223µs" livenodes=15 livesize=1.79KiB
DEBUG[12-14|21:49:31.152] Dereferenced trie from memory database   nodes=2       size=262.00B time="1.148µs"   gcnodes=35 gcsize=4.52KiB gctime="33.325µs" livenodes=13 livesize=1.54KiB
DEBUG[12-14|21:49:31.152] Dereferenced trie from memory database   nodes=2       size=262.00B time="1.083µs"   gcnodes=37 gcsize=4.78KiB gctime="34.33µs"  livenodes=11 livesize=1.28KiB
DEBUG[12-14|21:49:31.153] Dereferenced trie from memory database   nodes=2       size=262.00B time="10.238µs"  gcnodes=39 gcsize=5.03KiB gctime="44.444µs" livenodes=9  livesize=1.02KiB
DEBUG[12-14|21:49:31.153] Dereferenced trie from memory database   nodes=2       size=262.00B time="1.205µs"   gcnodes=41 gcsize=5.29KiB gctime="45.559µs" livenodes=7  livesize=786.00B
DEBUG[12-14|21:49:31.153] Dereferenced trie from memory database   nodes=2       size=262.00B time=917ns       gcnodes=43 gcsize=5.55KiB gctime="46.421µs" livenodes=5  livesize=524.00B
DEBUG[12-14|21:49:31.153] Dereferenced trie from memory database   nodes=2       size=262.00B time="1.358µs"   gcnodes=45 gcsize=5.80KiB gctime="47.643µs" livenodes=3  livesize=262.00B
DEBUG[12-14|21:49:31.153] Dereferenced trie from memory database   nodes=2       size=262.00B time=934ns       gcnodes=47 gcsize=6.06KiB gctime="48.488µs" livenodes=1  livesize=0.00B
DEBUG[12-14|21:49:31.153] Dereferenced trie from memory database   nodes=0       size=0.00B   time=300ns       gcnodes=47 gcsize=6.06KiB gctime="48.699µs" livenodes=1  livesize=0.00B
DEBUG[12-14|21:49:31.153] Dereferenced trie from memory database   nodes=0       size=0.00B   time=687ns       gcnodes=47 gcsize=6.06KiB gctime="49.259µs" livenodes=1  livesize=0.00B
INFO [12-14|21:49:31.153] Writing clean trie cache to disk         path=/home/fanhl/ethdata/node4/geth/triecache threads=8
INFO [12-14|21:49:31.158] Persisted the clean trie cache           path=/home/fanhl/ethdata/node4/geth/triecache elapsed=5.714ms
INFO [12-14|21:49:31.159] Blockchain stopped 
DEBUG[12-14|21:49:31.161] Deleting port mapping                    proto=tcp  extport=30306 intport=30306 interface="UPnP or NAT-PMP"
DEBUG[12-14|21:49:31.161] Read error                               err="accept tcp [::]:30306: use of closed network connection"
